Using pre-set license
Built from '2022.3/staging' branch; Version is '2022.3.1f1 (f18e0c1b5784) revision 15830540'; Using compiler version '192829333'; Build Type 'Release'
OS: 'Windows 11  (10.0.22621) 64bit Core' Language: 'en' Physical Memory: 32694 MB
BatchMode: 1, IsHumanControllingUs: 0, StartBugReporterOnCrash: 0, Is64bit: 1, IsPro: 1

COMMAND LINE ARGUMENTS:
C:\Program Files\Unity\Hub\Editor\2022.3.1f1\Editor\Unity.exe
-adb2
-batchMode
-noUpm
-name
AssetImportWorker2
-projectPath
C:/GGJ20231/plant-budz-2/DeskPet
-logFile
Logs/AssetImportWorker2.log
-srvPort
49909
Successfully changed project path to: C:/GGJ20231/plant-budz-2/DeskPet
C:/GGJ20231/plant-budz-2/DeskPet
[UnityMemory] Configuration Parameters - Can be set up in boot.config
    "memorysetup-bucket-allocator-granularity=16"
    "memorysetup-bucket-allocator-bucket-count=8"
    "memorysetup-bucket-allocator-block-size=33554432"
    "memorysetup-bucket-allocator-block-count=8"
    "memorysetup-main-allocator-block-size=16777216"
    "memorysetup-thread-allocator-block-size=16777216"
    "memorysetup-gfx-main-allocator-block-size=16777216"
    "memorysetup-gfx-thread-allocator-block-size=16777216"
    "memorysetup-cache-allocator-block-size=4194304"
    "memorysetup-typetree-allocator-block-size=2097152"
    "memorysetup-profiler-bucket-allocator-granularity=16"
    "memorysetup-profiler-bucket-allocator-bucket-count=8"
    "memorysetup-profiler-bucket-allocator-block-size=33554432"
    "memorysetup-profiler-bucket-allocator-block-count=8"
    "memorysetup-profiler-allocator-block-size=16777216"
    "memorysetup-profiler-editor-allocator-block-size=1048576"
    "memorysetup-temp-allocator-size-main=16777216"
    "memorysetup-job-temp-allocator-block-size=2097152"
    "memorysetup-job-temp-allocator-block-size-background=1048576"
    "memorysetup-job-temp-allocator-reduction-small-platforms=262144"
    "memorysetup-allocator-temp-initial-block-size-main=262144"
    "memorysetup-allocator-temp-initial-block-size-worker=262144"
    "memorysetup-temp-allocator-size-background-worker=32768"
    "memorysetup-temp-allocator-size-job-worker=262144"
    "memorysetup-temp-allocator-size-preload-manager=33554432"
    "memorysetup-temp-allocator-size-nav-mesh-worker=65536"
    "memorysetup-temp-allocator-size-audio-worker=65536"
    "memorysetup-temp-allocator-size-cloud-worker=32768"
    "memorysetup-temp-allocator-size-gi-baking-worker=262144"
    "memorysetup-temp-allocator-size-gfx=262144"
Player connection [5716] Host "[IP] 192.168.1.194 [Port] 0 [Flags] 2 [Guid] 2548028869 [EditorId] 2548028869 [Version] 1048832 [Id] WindowsEditor(7,Nebuchadnezzar-II) [Debug] 1 [PackageName] WindowsEditor [ProjectName] Editor" joined multi-casting on [225.0.0.222:54997]...

Player connection [5716] Host "[IP] 192.168.1.194 [Port] 0 [Flags] 2 [Guid] 2548028869 [EditorId] 2548028869 [Version] 1048832 [Id] WindowsEditor(7,Nebuchadnezzar-II) [Debug] 1 [PackageName] WindowsEditor [ProjectName] Editor" joined alternative multi-casting on [225.0.0.222:34997]...

Refreshing native plugins compatible for Editor in 54.26 ms, found 2 plugins.
Preloading 0 native plugins for Editor in 0.00 ms.
Initialize engine version: 2022.3.1f1 (f18e0c1b5784)
[Subsystems] Discovering subsystems at path C:/Program Files/Unity/Hub/Editor/2022.3.1f1/Editor/Data/Resources/UnitySubsystems
[Subsystems] Discovering subsystems at path C:/GGJ20231/plant-budz-2/DeskPet/Assets
GfxDevice: creating device client; threaded=0; jobified=0
Direct3D:
    Version:  Direct3D 11.0 [level 11.1]
    Renderer: AMD Radeon RX 6700 XT (ID=0x73df)
    Vendor:   ATI
    VRAM:     12243 MB
    Driver:   30.0.15021.11005
Initialize mono
Mono path[0] = 'C:/Program Files/Unity/Hub/Editor/2022.3.1f1/Editor/Data/Managed'
Mono path[1] = 'C:/Program Files/Unity/Hub/Editor/2022.3.1f1/Editor/Data/MonoBleedingEdge/lib/mono/unityjit-win32'
Mono config path = 'C:/Program Files/Unity/Hub/Editor/2022.3.1f1/Editor/Data/MonoBleedingEdge/etc'
Using monoOptions --debugger-agent=transport=dt_socket,embedding=1,server=y,suspend=n,address=127.0.0.1:56072
Begin MonoManager ReloadAssembly
Registering precompiled unity dll's ...
Register platform support module: C:/Program Files/Unity/Hub/Editor/2022.3.1f1/Editor/Data/PlaybackEngines/WebGLSupport/UnityEditor.WebGL.Extensions.dll
Register platform support module: C:/Program Files/Unity/Hub/Editor/2022.3.1f1/Editor/Data/PlaybackEngines/MacStandaloneSupport/UnityEditor.OSXStandalone.Extensions.dll
Register platform support module: C:/Program Files/Unity/Hub/Editor/2022.3.1f1/Editor/Data/PlaybackEngines/WindowsStandaloneSupport/UnityEditor.WindowsStandalone.Extensions.dll
Registered in 0.007727 seconds.
- Loaded All Assemblies, in  0.299 seconds
Native extension for WindowsStandalone target not found
Native extension for OSXStandalone target not found
Native extension for WebGL target not found
Mono: successfully reloaded assembly
- Finished resetting the current domain, in  0.245 seconds
Domain Reload Profiling: 543ms
	BeginReloadAssembly (72ms)
		ExecutionOrderSort (0ms)
		DisableScriptedObjects (0ms)
		BackupInstance (0ms)
		ReleaseScriptingObjects (0ms)
		CreateAndSetChildDomain (1ms)
	RebuildCommonClasses (33ms)
	RebuildNativeTypeToScriptingClass (11ms)
	initialDomainReloadingComplete (52ms)
	LoadAllAssembliesAndSetupDomain (129ms)
		LoadAssemblies (70ms)
		RebuildTransferFunctionScriptingTraits (0ms)
		AnalyzeDomain (124ms)
			TypeCache.Refresh (123ms)
				TypeCache.ScanAssembly (114ms)
			ScanForSourceGeneratedMonoScriptInfo (0ms)
			ResolveRequiredComponents (0ms)
	FinalizeReload (246ms)
		ReleaseScriptCaches (0ms)
		RebuildScriptCaches (0ms)
		SetupLoadedEditorAssemblies (190ms)
			LogAssemblyErrors (0ms)
			InitializePlatformSupportModulesInManaged (13ms)
			SetLoadedEditorAssemblies (5ms)
			RefreshPlugins (0ms)
			BeforeProcessingInitializeOnLoad (2ms)
			ProcessInitializeOnLoadAttributes (126ms)
			ProcessInitializeOnLoadMethodAttributes (45ms)
			AfterProcessingInitializeOnLoad (0ms)
			EditorAssembliesLoaded (0ms)
		ExecutionOrderSort2 (0ms)
		AwakeInstancesAfterBackupRestoration (0ms)
========================================================================
Worker process is ready to serve import requests
Begin MonoManager ReloadAssembly
Symbol file LoadedFromMemory doesn't match image C:\GGJ20231\plant-budz-2\DeskPet\Library\PackageCache\com.unity.visualscripting@1.8.0\Editor\VisualScripting.Core\Dependencies\YamlDotNet\Unity.VisualScripting.YamlDotNet.dll
Symbol file LoadedFromMemory doesn't match image C:\GGJ20231\plant-budz-2\DeskPet\Library\PackageCache\com.unity.visualscripting@1.8.0\Editor\VisualScripting.Core\Dependencies\DotNetZip\Unity.VisualScripting.IonicZip.dll
- Loaded All Assemblies, in  0.701 seconds
Refreshing native plugins compatible for Editor in 2.98 ms, found 2 plugins.
Native extension for WindowsStandalone target not found
Native extension for OSXStandalone target not found
Native extension for WebGL target not found
Mono: successfully reloaded assembly
- Finished resetting the current domain, in  0.608 seconds
Domain Reload Profiling: 1304ms
	BeginReloadAssembly (113ms)
		ExecutionOrderSort (0ms)
		DisableScriptedObjects (5ms)
		BackupInstance (0ms)
		ReleaseScriptingObjects (0ms)
		CreateAndSetChildDomain (19ms)
	RebuildCommonClasses (33ms)
	RebuildNativeTypeToScriptingClass (11ms)
	initialDomainReloadingComplete (39ms)
	LoadAllAssembliesAndSetupDomain (501ms)
		LoadAssemblies (231ms)
		RebuildTransferFunctionScriptingTraits (0ms)
		AnalyzeDomain (319ms)
			TypeCache.Refresh (275ms)
				TypeCache.ScanAssembly (265ms)
			ScanForSourceGeneratedMonoScriptInfo (34ms)
			ResolveRequiredComponents (10ms)
	FinalizeReload (608ms)
		ReleaseScriptCaches (0ms)
		RebuildScriptCaches (0ms)
		SetupLoadedEditorAssemblies (438ms)
			LogAssemblyErrors (0ms)
			InitializePlatformSupportModulesInManaged (9ms)
			SetLoadedEditorAssemblies (4ms)
			RefreshPlugins (0ms)
			BeforeProcessingInitializeOnLoad (79ms)
			ProcessInitializeOnLoadAttributes (258ms)
			ProcessInitializeOnLoadMethodAttributes (81ms)
			AfterProcessingInitializeOnLoad (7ms)
			EditorAssembliesLoaded (0ms)
		ExecutionOrderSort2 (0ms)
		AwakeInstancesAfterBackupRestoration (5ms)
Launched and connected shader compiler UnityShaderCompiler.exe after 0.05 seconds
Refreshing native plugins compatible for Editor in 2.91 ms, found 2 plugins.
Preloading 0 native plugins for Editor in 0.00 ms.
Unloading 5828 Unused Serialized files (Serialized files now loaded: 0)
Unloading 83 unused Assets / (348.4 KB). Loaded Objects now: 6306.
Memory consumption went from 223.1 MB to 222.7 MB.
Total: 3.445500 ms (FindLiveObjects: 0.444400 ms CreateObjectMapping: 0.162900 ms MarkObjects: 2.650300 ms  DeleteObjects: 0.187000 ms)

AssetImportParameters requested are different than current active one (requested -> active):
  custom:scripting/monoscript/fileName/AutoFire.cs: 23243fe1ba4467e68576d5650830fc34 -> b3995258e77d068e205db43d4f2937fa
  custom:container-demuxer-ogg: 62fdf1f143b41e24485cea50d1cbac27 -> 
  custom:scripting/monoscript/fileName/HUD.cs: 9049bcbd7abeea9021d17f9136884613 -> e304dc047a12b7c2765b59865d40d6b9
  custom:scripting/monoscript/fileName/AudioManager.cs: 0aef3caba4c1c1b0bc8bd1dca2fef31d -> e8310be4479956b7ccf5d41d9f0f6e53
  custom:video-decoder-ogg-theora: a1e56fd34408186e4bbccfd4996cb3dc -> 
  custom:framework-win-MediaFoundation: 216162199b28c13a410421893ffa2e32 -> 
  custom:scripting/monoscript/fileName/MoveDown.cs: c64cbbcafec026660be3fb4de64b63aa -> fb8fdf53b691e09c66f26b27a5ce14a9
  custom:scripting/monoscript/fileName/Damageable.cs: 8eaa8b36a1c80f3257af6cfccd5005fe -> 4d0edda324ffa5cd0eebe20c570f323c
  custom:scripting/monoscript/fileName/InputManager.cs: 7b7e1225e8975c742a5529db57f3bba2 -> d93f6a1b1c0c117f420779e72340a718
  custom:scripting/monoscript/fileName/DestroyOffScreen.cs: fb1817bd95d75054392cd0c5550bb333 -> 58d3d4e22061d16abc8bb91e37504713
  custom:scripting/monoscript/fileName/InvincibleOnHit.cs: be176158c78cb074bcde48d19186bc38 -> 8c9fcac91685bad6fd214d5df9b1c9f3
  custom:container-demuxer-webm: 4f35f7cbe854078d1ac9338744f61a02 -> 
  custom:scripting/monoscript/fileName/Rotate3D.cs: 67a224dd9b042cf58c820704d3d26e1a -> 203433a2d72b0c276d11ba48938063a4
  custom:scripting/monoscript/fileName/UIButtons.cs: a78b85986d98e45dd4e241d338e8473f -> ace79bc771cf55731687ecd724194684
  custom:container-muxer-webm: aa71ff27fc2769a1b78a27578f13a17b -> 
  custom:video-decoder-webm-vp8: 9c59270c3fd7afecdb556c50c9e8de78 -> 
  custom:scripting/monoscript/fileName/BulletAudioManager.cs: c34a9e2fb83445c6be3387cf4c262571 -> 9fe01c33dc0e16cbe83e8178dd16ae38
  custom:AudioImporter_EditorPlatform: d09bf68614088b80899f8185d706f6e7 -> 
  custom:scripting/monoscript/fileName/ShooterInputManager.cs: 805e21cdcd40afb117a7ee8954f33878 -> 945c7e1a9c1aa25549ad513684a8859f
  custom:scripting/monoscript/fileName/FoodBehavior.cs: f7375e348673362b92959d7d4ae31180 -> cbb3ab52d75fcf2b437a6b8183d87e32
  custom:video-encoder-webm-vp8: eb34c28f22e8b96e1ab97ce403110664 -> 
  custom:scripting/monoscript/fileName/Damager.cs: 39ebc54eac7a70eed5aa2daa42ef128d -> fa67e1f2ab3d8f1bb10b7be087dabbb9
  custom:audio-decoder-ogg-vorbis: bf7c407c2cedff20999df2af8eb42d56 -> 
  custom:scripting/monoscript/fileName/ShooterPlayer.cs: c5e22732c9efd0a3f4c15df9ec0aefbe -> 837611c58ae2584198bb7e4e38112719
  custom:scripting/monoscript/fileName/EnemyMovement.cs: 2e0af7c96bbccc0ad569e8740597e425 -> 412fe8bfc02b303367e86c00beafba4d
  custom:scripting/monoscript/fileName/BulletUIController.cs: f59563bd6cc87143adce79c75abc36c9 -> b8dd8f6a4077eb82a77cf8b7d6625918
  custom:scripting/monoscript/fileName/SplashVidPlay.cs: 1f9470c3b31586d10d48868f886e8300 -> caed49802f77177e082a19bdbb1f879e
  custom:audio-encoder-webm-vorbis: bf7c407c2cedff20999df2af8eb42d56 -> 
  custom:scripting/monoscript/fileName/EnemySpawner.cs: ae6e50374cfbf27376e42758d8bde51f -> a9fea330da2ea253142424fd9aa964ea
  custom:scripting/monoscript/fileName/ProjectileSettings.cs: 6515e29b3c498e9b8d5df30492acaf45 -> 5417f03d07a7bba28a05b50df88e7e21
========================================================================
Received Import Request.
  Time since last request: 617670.182888 seconds.
  path: Assets/Prefabs/BulletHell/Enemy_Cat_Bullet.prefab
  artifactKey: Guid(3f32aa651cda1904cb4b5183dec7c783) Importer(815301076,1909f56bfc062723c751e8b465ee728b)
Start importing Assets/Prefabs/BulletHell/Enemy_Cat_Bullet.prefab using Guid(3f32aa651cda1904cb4b5183dec7c783) Importer(815301076,1909f56bfc062723c751e8b465ee728b)  -> (artifact id: '0c3e90c7ed2af28fae0147396b55ce65') in 0.012574 seconds
Number of updated asset objects reloaded before import = 0
Number of asset objects unloaded after import = 12
========================================================================
Received Import Request.
  Time since last request: 3.032165 seconds.
  path: Assets/Prefabs/BulletHell/Enemy_Cat_Bullet1.prefab
  artifactKey: Guid(3e6711226522fb442bd44aeb8ff02525) Importer(815301076,1909f56bfc062723c751e8b465ee728b)
Start importing Assets/Prefabs/BulletHell/Enemy_Cat_Bullet1.prefab using Guid(3e6711226522fb442bd44aeb8ff02525) Importer(815301076,1909f56bfc062723c751e8b465ee728b)  -> (artifact id: 'd17a054d4f6a27953073d33bc9204e40') in 0.001332 seconds
Number of updated asset objects reloaded before import = 0
Number of asset objects unloaded after import = 12
========================================================================
Received Import Request.
  Time since last request: 2.983465 seconds.
  path: Assets/Prefabs/BulletHell/Enemy_Cat_Bullet2.prefab
  artifactKey: Guid(fdade1a6cbca6724b9aa21d36d867e7f) Importer(815301076,1909f56bfc062723c751e8b465ee728b)
Start importing Assets/Prefabs/BulletHell/Enemy_Cat_Bullet2.prefab using Guid(fdade1a6cbca6724b9aa21d36d867e7f) Importer(815301076,1909f56bfc062723c751e8b465ee728b)  -> (artifact id: '38ddd2b90dbaf8790f4cd60dae2a8813') in 0.001665 seconds
Number of updated asset objects reloaded before import = 0
Number of asset objects unloaded after import = 12
========================================================================
Received Import Request.
  Time since last request: 7.270668 seconds.
  path: Assets/Prefabs/BulletHell/Enemy_Cat_Bullet2.prefab
  artifactKey: Guid(fdade1a6cbca6724b9aa21d36d867e7f) Importer(815301076,1909f56bfc062723c751e8b465ee728b)
Start importing Assets/Prefabs/BulletHell/Enemy_Cat_Bullet2.prefab using Guid(fdade1a6cbca6724b9aa21d36d867e7f) Importer(815301076,1909f56bfc062723c751e8b465ee728b)  -> (artifact id: '2e337d69ae3d1642746abf4f5db95021') in 0.001572 seconds
Number of updated asset objects reloaded before import = 0
Number of asset objects unloaded after import = 12
========================================================================
Received Import Request.
  Time since last request: 13.266683 seconds.
  path: Assets/Prefabs/BulletHell/PlayerBullet_Cat.prefab
  artifactKey: Guid(7e759ffe9601e7c4aade8019feaee023) Importer(815301076,1909f56bfc062723c751e8b465ee728b)
Start importing Assets/Prefabs/BulletHell/PlayerBullet_Cat.prefab using Guid(7e759ffe9601e7c4aade8019feaee023) Importer(815301076,1909f56bfc062723c751e8b465ee728b)  -> (artifact id: 'ffb6bee4a5b15cc8e880b0936b482734') in 0.001301 seconds
Number of updated asset objects reloaded before import = 0
Number of asset objects unloaded after import = 12
========================================================================
Received Import Request.
  Time since last request: 2.720691 seconds.
  path: Assets/Prefabs/BulletHell/PlayerBullet_Fish.prefab
  artifactKey: Guid(7b162a2d777dd1b479043447ff5213fb) Importer(815301076,1909f56bfc062723c751e8b465ee728b)
Start importing Assets/Prefabs/BulletHell/PlayerBullet_Fish.prefab using Guid(7b162a2d777dd1b479043447ff5213fb) Importer(815301076,1909f56bfc062723c751e8b465ee728b)  -> (artifact id: '6a6fc2204549278eddce4e2083ac7916') in 0.001399 seconds
Number of updated asset objects reloaded before import = 0
Number of asset objects unloaded after import = 12
========================================================================
Received Import Request.
  Time since last request: 12.576369 seconds.
  path: Assets/Prefabs/BulletHell/Enemies/Enemy_Cat_0.prefab
  artifactKey: Guid(1688f2674f0d51b42bb410e80aec4184) Importer(815301076,1909f56bfc062723c751e8b465ee728b)
Start importing Assets/Prefabs/BulletHell/Enemies/Enemy_Cat_0.prefab using Guid(1688f2674f0d51b42bb410e80aec4184) Importer(815301076,1909f56bfc062723c751e8b465ee728b)  -> (artifact id: '3c5e4c1bc9ee82f10fed6695fb4f8f95') in 0.002238 seconds
Number of updated asset objects reloaded before import = 0
Number of asset objects unloaded after import = 27
Editor requested this worker to shutdown with reason: Scaling down because of idle timeout
TcpMessagingSession - receive error: operation aborted. errorcode: 995, details: The I/O operation has been aborted because of either a thread exit or an application request.
AssetImportWorker is now disconnected from the server
Process exiting
Exiting without the bug reporter. Application will terminate with return code 0